<testsuites id="" name="" tests="3" failures="0" skipped="0" errors="0" time="3.313655">
<testsuite name="app.spec.js" timestamp="2025-03-01T07:07:40.444Z" hostname="chromium" tests="3" failures="0" skipped="0" time="1.425" errors="0">
<testcase name="has title" classname="app.spec.js" time="0.479">
</testcase>
<testcase name="has Jenkins in the body" classname="app.spec.js" time="0.473">
</testcase>
<testcase name="has expected app version" classname="app.spec.js" time="0.473">
<system-out>
<![CDATA[1
]]>
</system-out>
</testcase>
</testsuite>
</testsuites>